<?xml version="1.0" encoding="UTF-8" ?>
<testsuite tests="11" failures="0" name="route.test.TestOutput" time="0.062" errors="0" skipped="0">
  <properties>
[...]
</properties>
  <testcase classname="route.test.TestOutput" name="testOutput9" time="0.047"/>
  <testcase classname="route.test.TestOutput" name="testOutput10" time="0"/>
  <testcase classname="route.test.TestOutput" name="testOutput6" time="0"/>
  <testcase classname="route.test.TestOutput" name="testOutput4" time="0"/>
  <testcase classname="route.test.TestOutput" name="testOutput5" time="0"/>
  <testcase classname="route.test.TestOutput" name="testOutput7" time="0"/>
  <testcase classname="route.test.TestOutput" name="testOutput8" time="0"/>
  <testcase classname="route.test.TestOutput" name="testOutput1" time="0"/>
  <testcase classname="route.test.TestOutput" name="testOutput3" time="0"/>
  <testcase classname="route.test.TestOutput" name="testNotExistFile" time="0.015"/>
  <testcase classname="route.test.TestOutput" name="testOutput2" time="0"/>
</testsuite>